<?xml version="1.0" encoding="UTF-8"?>
<testng-results skipped="0" failed="0" ignored="0" total="1" passed="1">
  <reporter-output>
  </reporter-output>
  <suite name="Default suite" duration-ms="3002" started-at="2022-05-14T12:12:21 IST" finished-at="2022-05-14T12:12:24 IST">
    <groups>
    </groups>
    <test name="Default test" duration-ms="3002" started-at="2022-05-14T12:12:21 IST" finished-at="2022-05-14T12:12:24 IST">
      <class name="CreateNewOrderTest">
        <test-method status="PASS" signature="createNewOrder()[pri:0, instance:CreateNewOrderTest@78e67e0a]" name="createNewOrder" duration-ms="2974" started-at="2022-05-14T12:12:21 IST" finished-at="2022-05-14T12:12:24 IST">
          <reporter-output>
          </reporter-output>
        </test-method> <!-- createNewOrder -->
      </class> <!-- CreateNewOrderTest -->
    </test> <!-- Default test -->
  </suite> <!-- Default suite -->
</testng-results>
